# JRE version: OpenJDK Runtime Environment (11.0.13) (build 11.0.13+0-b1751.21-8125866)
# Java VM: OpenJDK 64-Bit Server VM (11.0.13+0-b1751.21-8125866, mixed mode, tiered, compressed oops, g1 gc, windows-amd64)
Heap:
 garbage-first heap   total 284672K, used 158655K [0x0000000080000000, 0x0000000100000000)
  region size 1024K, 11 young (11264K), 4 survivors (4096K)
 Metaspace       used 114729K, capacity 117704K, committed 117876K, reserved 1150976K
  class space    used 14636K, capacity 15785K, committed 15872K, reserved 1048576K
GC Heap History (20 events):
Event: 40.369 GC heap before
{Heap before GC invocations=37 (full 0):
 garbage-first heap   total 236544K, used 190044K [0x0000000080000000, 0x0000000100000000)
  region size 1024K, 52 young (53248K), 7 survivors (7168K)
 Metaspace       used 112949K, capacity 115844K, committed 116084K, reserved 1148928K
  class space    used 14559K, capacity 15709K, committed 15872K, reserved 1048576K
}
Event: 40.390 GC heap after
{Heap after GC invocations=38 (full 0):
 garbage-first heap   total 236544K, used 149722K [0x0000000080000000, 0x0000000100000000)
  region size 1024K, 6 young (6144K), 6 survivors (6144K)
 Metaspace       used 112949K, capacity 115844K, committed 116084K, reserved 1148928K
  class space    used 14559K, capacity 15709K, committed 15872K, reserved 1048576K
}
Event: 41.414 GC heap before
{Heap before GC invocations=39 (full 0):
 garbage-first heap   total 236544K, used 192730K [0x0000000080000000, 0x0000000100000000)
  region size 1024K, 48 young (49152K), 6 survivors (6144K)
 Metaspace       used 113800K, capacity 116730K, committed 116852K, reserved 1150976K
  class space    used 14598K, capacity 15761K, committed 15872K, reserved 1048576K
}
Event: 41.426 GC heap after
{Heap after GC invocations=40 (full 0):
 garbage-first heap   total 284672K, used 149964K [0x0000000080000000, 0x0000000100000000)
  region size 1024K, 1 young (1024K), 1 survivors (1024K)
 Metaspace       used 113800K, capacity 116730K, committed 116852K, reserved 1150976K
  class space    used 14598K, capacity 15761K, committed 15872K, reserved 1048576K
}
Event: 41.715 GC heap before
{Heap before GC invocations=40 (full 0):
 garbage-first heap   total 284672K, used 162252K [0x0000000080000000, 0x0000000100000000)
  region size 1024K, 13 young (13312K), 1 survivors (1024K)
 Metaspace       used 113833K, capacity 116731K, committed 116852K, reserved 1150976K
  class space    used 14598K, capacity 15761K, committed 15872K, reserved 1048576K
}
Event: 41.723 GC heap after
{Heap after GC invocations=41 (full 0):
 garbage-first heap   total 284672K, used 149394K [0x0000000080000000, 0x0000000100000000)
  region size 1024K, 1 young (1024K), 1 survivors (1024K)
 Metaspace       used 113833K, capacity 116731K, committed 116852K, reserved 1150976K
  class space    used 14598K, capacity 15761K, committed 15872K, reserved 1048576K
}
Event: 43.028 GC heap before
{Heap before GC invocations=41 (full 0):
 garbage-first heap   total 284672K, used 215954K [0x0000000080000000, 0x0000000100000000)
  region size 1024K, 66 young (67584K), 1 survivors (1024K)
 Metaspace       used 114145K, capacity 117013K, committed 117364K, reserved 1150976K
  class space    used 14600K, capacity 15763K, committed 15872K, reserved 1048576K
}
Event: 43.034 GC heap after
{Heap after GC invocations=42 (full 0):
 garbage-first heap   total 284672K, used 149828K [0x0000000080000000, 0x0000000100000000)
  region size 1024K, 1 young (1024K), 1 survivors (1024K)
 Metaspace       used 114145K, capacity 117013K, committed 117364K, reserved 1150976K
  class space    used 14600K, capacity 15763K, committed 15872K, reserved 1048576K
}
Event: 43.967 GC heap before
{Heap before GC invocations=43 (full 0):
 garbage-first heap   total 284672K, used 220484K [0x0000000080000000, 0x0000000100000000)
  region size 1024K, 70 young (71680K), 1 survivors (1024K)
 Metaspace       used 114386K, capacity 117350K, committed 117620K, reserved 1150976K
  class space    used 14615K, capacity 15766K, committed 15872K, reserved 1048576K
}
Event: 43.973 GC heap after
{Heap after GC invocations=44 (full 0):
 garbage-first heap   total 284672K, used 150022K [0x0000000080000000, 0x0000000100000000)
  region size 1024K, 2 young (2048K), 2 survivors (2048K)
 Metaspace       used 114386K, capacity 117350K, committed 117620K, reserved 1150976K
  class space    used 14615K, capacity 15766K, committed 15872K, reserved 1048576K
}
Event: 44.736 GC heap before
{Heap before GC invocations=44 (full 0):
 garbage-first heap   total 284672K, used 222726K [0x0000000080000000, 0x0000000100000000)
  region size 1024K, 73 young (74752K), 2 survivors (2048K)
 Metaspace       used 114500K, capacity 117430K, committed 117620K, reserved 1150976K
  class space    used 14616K, capacity 15768K, committed 15872K, reserved 1048576K
}
Event: 44.741 GC heap after
{Heap after GC invocations=45 (full 0):
 garbage-first heap   total 284672K, used 150430K [0x0000000080000000, 0x0000000100000000)
  region size 1024K, 2 young (2048K), 2 survivors (2048K)
 Metaspace       used 114500K, capacity 117430K, committed 117620K, reserved 1150976K
  class space    used 14616K, capacity 15768K, committed 15872K, reserved 1048576K
}
Event: 45.472 GC heap before
{Heap before GC invocations=45 (full 0):
 garbage-first heap   total 284672K, used 227230K [0x0000000080000000, 0x0000000100000000)
  region size 1024K, 77 young (78848K), 2 survivors (2048K)
 Metaspace       used 114575K, capacity 117518K, committed 117620K, reserved 1150976K
  class space    used 14622K, capacity 15776K, committed 15872K, reserved 1048576K
}
Event: 45.477 GC heap after
{Heap after GC invocations=46 (full 0):
 garbage-first heap   total 284672K, used 150879K [0x0000000080000000, 0x0000000100000000)
  region size 1024K, 2 young (2048K), 2 survivors (2048K)
 Metaspace       used 114575K, capacity 117518K, committed 117620K, reserved 1150976K
  class space    used 14622K, capacity 15776K, committed 15872K, reserved 1048576K
}
Event: 46.202 GC heap before
{Heap before GC invocations=46 (full 0):
 garbage-first heap   total 284672K, used 230751K [0x0000000080000000, 0x0000000100000000)
  region size 1024K, 80 young (81920K), 2 survivors (2048K)
 Metaspace       used 114600K, capacity 117521K, committed 117620K, reserved 1150976K
  class space    used 14622K, capacity 15776K, committed 15872K, reserved 1048576K
}
Event: 46.208 GC heap after
{Heap after GC invocations=47 (full 0):
 garbage-first heap   total 284672K, used 151316K [0x0000000080000000, 0x0000000100000000)
  region size 1024K, 3 young (3072K), 3 survivors (3072K)
 Metaspace       used 114600K, capacity 117521K, committed 117620K, reserved 1150976K
  class space    used 14622K, capacity 15776K, committed 15872K, reserved 1048576K
}
Event: 46.910 GC heap before
{Heap before GC invocations=47 (full 0):
 garbage-first heap   total 284672K, used 232212K [0x0000000080000000, 0x0000000100000000)
  region size 1024K, 82 young (83968K), 3 survivors (3072K)
 Metaspace       used 114628K, capacity 117586K, committed 117876K, reserved 1150976K
  class space    used 14622K, capacity 15776K, committed 15872K, reserved 1048576K
}
Event: 46.918 GC heap after
{Heap after GC invocations=48 (full 0):
 garbage-first heap   total 284672K, used 151701K [0x0000000080000000, 0x0000000100000000)
  region size 1024K, 3 young (3072K), 3 survivors (3072K)
 Metaspace       used 114628K, capacity 117586K, committed 117876K, reserved 1150976K
  class space    used 14622K, capacity 15776K, committed 15872K, reserved 1048576K
}
Event: 47.633 GC heap before
{Heap before GC invocations=48 (full 0):
 garbage-first heap   total 284672K, used 234645K [0x0000000080000000, 0x0000000100000000)
  region size 1024K, 84 young (86016K), 3 survivors (3072K)
 Metaspace       used 114642K, capacity 117589K, committed 117876K, reserved 1150976K
  class space    used 14622K, capacity 15776K, committed 15872K, reserved 1048576K
}
Event: 47.641 GC heap after
{Heap after GC invocations=49 (full 0):
 garbage-first heap   total 284672K, used 152133K [0x0000000080000000, 0x0000000100000000)
  region size 1024K, 4 young (4096K), 4 survivors (4096K)
 Metaspace       used 114642K, capacity 117589K, committed 117876K, reserved 1150976K
  class space    used 14622K, capacity 15776K, committed 15872K, reserved 1048576K
}

