# JRE version: OpenJDK Runtime Environment (11.0.13) (build 11.0.13+0-b1751.21-8125866)
# Java VM: OpenJDK 64-Bit Server VM (11.0.13+0-b1751.21-8125866, mixed mode, tiered, compressed oops, g1 gc, windows-amd64)
Heap:
 garbage-first heap   total 196608K, used 117207K [0x0000000080000000, 0x0000000100000000)
  region size 1024K, 80 young (81920K), 9 survivors (9216K)
 Metaspace       used 42793K, capacity 43911K, committed 44108K, reserved 1087488K
  class space    used 5439K, capacity 5861K, committed 5964K, reserved 1048576K
GC Heap History (10 events):
Event: 2.482 GC heap before
{Heap before GC invocations=0 (full 0):
 garbage-first heap   total 196608K, used 29696K [0x0000000080000000, 0x0000000100000000)
  region size 1024K, 24 young (24576K), 0 survivors (0K)
 Metaspace       used 9808K, capacity 10058K, committed 10112K, reserved 1058816K
  class space    used 1008K, capacity 1102K, committed 1152K, reserved 1048576K
}
Event: 2.490 GC heap after
{Heap after GC invocations=1 (full 0):
 garbage-first heap   total 196608K, used 9334K [0x0000000080000000, 0x0000000100000000)
  region size 1024K, 3 young (3072K), 3 survivors (3072K)
 Metaspace       used 9808K, capacity 10058K, committed 10112K, reserved 1058816K
  class space    used 1008K, capacity 1102K, committed 1152K, reserved 1048576K
}
Event: 8.205 GC heap before
{Heap before GC invocations=1 (full 0):
 garbage-first heap   total 196608K, used 110710K [0x0000000080000000, 0x0000000100000000)
  region size 1024K, 103 young (105472K), 3 survivors (3072K)
 Metaspace       used 20738K, capacity 21124K, committed 21248K, reserved 1067008K
  class space    used 2518K, capacity 2695K, committed 2816K, reserved 1048576K
}
Event: 8.230 GC heap after
{Heap after GC invocations=2 (full 0):
 garbage-first heap   total 196608K, used 16948K [0x0000000080000000, 0x0000000100000000)
  region size 1024K, 11 young (11264K), 11 survivors (11264K)
 Metaspace       used 20738K, capacity 21124K, committed 21248K, reserved 1067008K
  class space    used 2518K, capacity 2695K, committed 2816K, reserved 1048576K
}
Event: 9.658 GC heap before
{Heap before GC invocations=3 (full 0):
 garbage-first heap   total 196608K, used 47668K [0x0000000080000000, 0x0000000100000000)
  region size 1024K, 41 young (41984K), 11 survivors (11264K)
 Metaspace       used 23804K, capacity 24359K, committed 24576K, reserved 1071104K
  class space    used 3004K, capacity 3224K, committed 3328K, reserved 1048576K
}
Event: 9.677 GC heap after
{Heap after GC invocations=4 (full 0):
 garbage-first heap   total 196608K, used 18209K [0x0000000080000000, 0x0000000100000000)
  region size 1024K, 2 young (2048K), 2 survivors (2048K)
 Metaspace       used 23804K, capacity 24359K, committed 24576K, reserved 1071104K
  class space    used 3004K, capacity 3224K, committed 3328K, reserved 1048576K
}
Event: 13.270 GC heap before
{Heap before GC invocations=4 (full 0):
 garbage-first heap   total 196608K, used 133921K [0x0000000080000000, 0x0000000100000000)
  region size 1024K, 99 young (101376K), 2 survivors (2048K)
 Metaspace       used 32952K, capacity 33828K, committed 34048K, reserved 1079296K
  class space    used 4417K, capacity 4762K, committed 4864K, reserved 1048576K
}
Event: 13.282 GC heap after
{Heap after GC invocations=5 (full 0):
 garbage-first heap   total 196608K, used 42255K [0x0000000080000000, 0x0000000100000000)
  region size 1024K, 9 young (9216K), 9 survivors (9216K)
 Metaspace       used 32952K, capacity 33828K, committed 34048K, reserved 1079296K
  class space    used 4417K, capacity 4762K, committed 4864K, reserved 1048576K
}
Event: 13.752 GC heap before
{Heap before GC invocations=5 (full 0):
 garbage-first heap   total 196608K, used 51471K [0x0000000080000000, 0x0000000100000000)
  region size 1024K, 19 young (19456K), 9 survivors (9216K)
 Metaspace       used 34875K, capacity 35772K, committed 35840K, reserved 1081344K
  class space    used 4602K, capacity 4963K, committed 4992K, reserved 1048576K
}
Event: 13.777 GC heap after
{Heap after GC invocations=6 (full 0):
 garbage-first heap   total 196608K, used 43479K [0x0000000080000000, 0x0000000100000000)
  region size 1024K, 9 young (9216K), 9 survivors (9216K)
 Metaspace       used 34875K, capacity 35772K, committed 35840K, reserved 1081344K
  class space    used 4602K, capacity 4963K, committed 4992K, reserved 1048576K
}

